----------------------------------------------------------------------------------------------------
------------------------------------ MegaLinter, by OX Security ------------------------------------
----------------------------------------------------------------------------------------------------
 - Image Creation Date: 2025-10-07T18:59:19Z
 - Image Revision: 62c799d895af9bcbca5eacfebca29d527f125a57
 - Image Version: v9.1.0
----------------------------------------------------------------------------------------------------
The MegaLinter documentation can be found at:
 - https://megalinter.io/9.1.0
----------------------------------------------------------------------------------------------------
::group::MegaLinter initialization (expand for details)
MegaLinter will analyze workspace [/github/workspace]
GITHUB_REPOSITORY: devantler-tech/ksail-docs
GITHUB_REF: refs/pull/2/merge
GITHUB_RUN_ID: 19614895213


[Activation] ANSIBLE_ANSIBLE_LINT has been set inactive, as none of these files has been found: ['.ansible-lint', '.ansible-lint.yml', '.ansible-lint.yaml', '.config/ansible-lint.yml', '.config/ansible-lint.yaml']
[Activation] EDITORCONFIG_EDITORCONFIG_CHECKER has been set inactive, as none of these files has been found: ['.editorconfig']
[Activation] JAVASCRIPT_ES has been set inactive, as none of these files has been found: ['.eslintrc.json', '.eslintrc.yml', '.eslintrc.yaml', '.eslintrc.js', '.eslintrc.cjs', 'package.json:eslintConfig']
[Activation] JSON_NPM_PACKAGE_JSON_LINT has been set inactive, as none of these files has been found: ['package.json']
[Activation] JSX_ESLINT has been set inactive, as none of these files has been found: ['eslint.config.js', 'eslint.config.mjs', 'eslint.config.cjs', '.eslintrc.json', '.eslintrc.yml', '.eslintrc.yaml', '.eslintrc.js', '.eslintrc.cjs', 'package.json:eslintConfig']
[Activation] KUBERNETES_KUBECONFORM has been set inactive, as subdirectory has not been found: kubernetes (set value "any" to always activate)
[Activation] KUBERNETES_HELM has been set inactive, as none of these files has been found: ['Chart.yml', 'Chart.yaml']
[Activation] KUBERNETES_KUBESCAPE has been set inactive, as none of these files has been found: ['Chart.yml', 'Chart.yaml']
[Activation] REPOSITORY_LS_LINT has been set inactive, as none of these files has been found: ['.ls-lint.yml']
[SemgrepLinter] Deactivated because no ruleset has been defined
[Activation] SALESFORCE_SFDX_SCANNER_APEX has been set inactive, as subdirectory has not been found: force-app (set value "any" to always activate)
[Activation] SALESFORCE_SFDX_SCANNER_AURA has been set inactive, as subdirectory has not been found: force-app (set value "any" to always activate)
[Activation] SALESFORCE_SFDX_SCANNER_LWC has been set inactive, as subdirectory has not been found: force-app (set value "any" to always activate)
[Activation] SALESFORCE_LIGHTNING_FLOW_SCANNER has been set inactive, as subdirectory has not been found: force-app (set value "any" to always activate)
[Activation] SPELL_PROSELINT has been set inactive, as none of these files has been found: ['.proselintrc', 'proselint/config.json']
[Activation] SPELL_VALE has been set inactive, as none of these files has been found: ['.vale.ini']
[Activation] SQL_SQLFLUFF has been set inactive, as none of these files has been found: ['.sqlfluff']
[Activation] SWIFT_SWIFTLINT has been set inactive, as none of these files has been found: ['.swiftlint.yml']
[Activation] TSX_ESLINT has been set inactive, as none of these files has been found: ['.eslintrc.json', '.eslintrc.yml', '.eslintrc.yaml', '.eslintrc.js', '.eslintrc.cjs', 'package.json:eslintConfig']
[Activation] TYPESCRIPT_ES has been set inactive, as none of these files has been found: ['.eslintrc.json', '.eslintrc.yml', '.eslintrc.yaml', '.eslintrc.js', '.eslintrc.cjs', 'package.json:eslintConfig']
JSON_ESLINT_PLUGIN_JSONC has been disabled in MegaLinter for the following reason: Bug in eslint-plugin-jsonc: https://github.com/ota-meshi/eslint-plugin-jsonc/issues/328
MAKEFILE_CHECKMAKE has been disabled in MegaLinter for the following reason: Security issues: https://github.com/checkmake/checkmake/issues/99
MARKDOWN_REMARK_LINT has been disabled in MegaLinter for the following reason: Bug in remark-lint: https://github.com/remarkjs/remark-lint/issues/322
PUPPET_PUPPET_LINT has been disabled in MegaLinter for the following reason: https://github.com/puppetlabs/puppet-lint/issues/251
REPOSITORY_CHECKOV has been disabled in MegaLinter for the following reason: https://github.com/bridgecrewio/checkov/issues/7263
SALESFORCE_LIGHTNING_FLOW_SCANNER has been disabled in MegaLinter for the following reason: Repo archived -> https://github.com/Lightning-Flow-Scanner
Skipped linters: ANSIBLE_ANSIBLE_LINT, EDITORCONFIG_EDITORCONFIG_CHECKER, JAVASCRIPT_ES, JAVASCRIPT_PRETTIER, JSON_ESLINT_PLUGIN_JSONC, JSON_NPM_PACKAGE_JSON_LINT, JSX_ESLINT, KUBERNETES_HELM, KUBERNETES_KUBECONFORM, KUBERNETES_KUBESCAPE, MAKEFILE_CHECKMAKE, MARKDOWN_REMARK_LINT, PUPPET_PUPPET_LINT, PYTHON_RUFF_FORMAT, REPOSITORY_CHECKOV, REPOSITORY_LS_LINT, REPOSITORY_SEMGREP, SALESFORCE_LIGHTNING_FLOW_SCANNER, SALESFORCE_SFDX_SCANNER_APEX, SALESFORCE_SFDX_SCANNER_AURA, SALESFORCE_SFDX_SCANNER_LWC, SPELL_CSPELL, SPELL_PROSELINT, SPELL_VALE, SQL_SQLFLUFF, SWIFT_SWIFTLINT, TSX_ESLINT, TYPESCRIPT_ES, TYPESCRIPT_PRETTIER
To receive reports as email, please set variable EMAIL_REPORTER_EMAIL
[ApiReporter] Not enabled as API_REPORTER is not defined to true
::endgroup::
::group::MegaLinter now collects the files to analyse (expand for details)
Listing all files in directory [/github/workspace], then filter with:
- File extensions: , .R, .RMD, .Rmd, .bash, .bicep, .c, .c++, .cc, .cdxml, .clj, .cljc, .cljs, .coffee, .config, .cpp, .cs, .csproj, .css, .cu, .cuh, .cxx, .dart, .dash, .edn, .env, .feature, .go, .gradle, .graphql, .groovy, .gvy, .h, .h++, .hcl, .hh, .hpp, .htm, .html, .hxx, .ipynb, .java, .js, .json, .json5, .jsonc, .ksh, .kt, .kts, .lua, .markdown, .md, .mdx, .nf, .p6, .php, .pl, .pl6, .pm, .pm6, .props, .proto, .ps1, .ps1xml, .psd1, .psm1, .psrc, .pssc, .pxd, .py, .pyi, .pyx, .r, .raku, .rakumod, .rakutest, .rb, .resource, .robot, .rs, .rst, .saas, .scala, .scss, .sh, .smk, .sql, .t, .targets, .tex, .tf, .ts, .txt, .vb, .xml, .xsd, .yaml, .yml
- File names (regex): (.*\.)?Dockerfile, Containerfile, Jenkinsfile, Snakefile
- Excluding .gitignored files [0]: 
Kept [33] files on [40] found files

+----MATCHING LINTERS-------------------+------------------------------------------------------------------------+----------------+------------+
| Descriptor | Linter                   | Criteria                                                               | Matching files | Format/Fix |
+------------+--------------------------+------------------------------------------------------------------------+----------------+------------+
| ACTION     | actionlint               | .yml|.yaml                                                             | 2              | yes        |
| COPYPASTE  | jscpd                    |                                                                        | project        | yes        |
| JSON       | jsonlint                 | .json                                                                  | 1              | yes        |
| JSON       | v8r                      | .json                                                                  | 1              | yes        |
| JSON       | prettier                 | .json                                                                  | 1              | yes        |
| MARKDOWN   | markdownlint             | .md                                                                    | 24             | yes        |
| MARKDOWN   | markdown-table-formatter | .md                                                                    | 24             | yes        |
| REPOSITORY | git_diff                 |                                                                        | project        | yes        |
| REPOSITORY | gitleaks                 |                                                                        | project        | yes        |
| REPOSITORY | grype                    |                                                                        | project        | yes        |
| REPOSITORY | secretlint               |                                                                        | project        | yes        |
| REPOSITORY | syft                     |                                                                        | project        | yes        |
| REPOSITORY | trivy                    |                                                                        | project        | yes        |
| REPOSITORY | trivy-sbom               |                                                                        | project        | yes        |
| REPOSITORY | trufflehog               |                                                                        | project        | yes        |
| SPELL      | lychee                   | .md|.mdx|.markdown|.html|.htm|.rst|.txt|.json|.jsonc|.json5|.yaml|.yml | 30             | yes        |
| YAML       | prettier                 | .yml|.yaml                                                             | 5              | yes        |
| YAML       | yamllint                 | .yml|.yaml                                                             | 5              | yes        |
| YAML       | v8r                      | .yml|.yaml                                                             | 5              | yes        |
+------------+--------------------------+------------------------------------------------------------------------+----------------+------------+
::endgroup::
Processing linters on [4] parallel cores… (can be decreased with variable PARALLEL_PROCESS_NUMBER in case of performance issues)
::group::[32m✅ Linted [ACTION] files with [actionlint] successfully - (0.25s)[0m (expand for details)
- Using [actionlint v1.7.7] https://megalinter.io/9.1.0/descriptors/action_actionlint
- MegaLinter key: [ACTION_ACTIONLINT]
- Rules config: identified by [actionlint]
- Number of files analyzed: [2]
- Command: [actionlint .github/workflows/publish-pages.yaml .github/workflows/test-pages.yaml]
::endgroup::
::group::[32m✅ Linted [JSON] files with [jsonlint] successfully - (0.14s)[0m (expand for details)
- Using [jsonlint v16.0.0] https://megalinter.io/9.1.0/descriptors/json_jsonlint
- MegaLinter key: [JSON_JSONLINT]
- Rules config: identified by [jsonlint]
- Number of files analyzed: [1]
- Command: [jsonlint --quiet .github/renovate.json]
::endgroup::
::group::[32m✅ Linted [MARKDOWN] files with [markdownlint] successfully - (0.86s)[0m (expand for details)
- Using [markdownlint v0.45.0] https://megalinter.io/9.1.0/descriptors/markdown_markdownlint
- MegaLinter key: [MARKDOWN_MARKDOWNLINT]
- Rules config: [.markdownlint.json]
- Number of files analyzed: [24]
- Command: [markdownlint --fix -c /action/lib/.automation/.markdownlint.json README.md configuration/README.md configuration/cli-options.md configuration/declarative-config.md overview/README.md overview/core-concepts/README.md overview/core-concepts/cnis.md ove...(truncated)]
::endgroup::
::group::[32m✅ Linted [COPYPASTE] files with [jscpd] successfully - (1.06s)[0m (expand for details)
- Using [jscpd v4.0.5] https://megalinter.io/9.1.0/descriptors/copypaste_jscpd
- MegaLinter key: [COPYPASTE_JSCPD]
- Rules config: [.jscpd.json]
- Command: [jscpd --gitignore --reporters console,html --output /github/workspace/megalinter-reports/copy-paste/ -c /action/lib/.automation/.jscpd.json .]
::endgroup::
::group::[32m✅ Linted [MARKDOWN] files with [markdown-table-formatter] successfully - (0.25s)[0m (expand for details)
- Using [markdown-table-formatter v1.6.1] https://megalinter.io/9.1.0/descriptors/markdown_markdown_table_formatter
- MegaLinter key: [MARKDOWN_MARKDOWN_TABLE_FORMATTER]
- Rules config: identified by [markdown-table-formatter]
- Number of files analyzed: [24]
- Command: [markdown-table-formatter README.md configuration/README.md configuration/cli-options.md configuration/declarative-config.md overview/README.md overview/core-concepts/README.md overview/core-concepts/cnis.md overview/core-concepts/container-engines.md...(truncated)]
::endgroup::
::group::[32m✅ Linted [REPOSITORY] files with [git_diff] successfully - (0.0s)[0m (expand for details)
- Using [git_diff v2.49.1] https://megalinter.io/9.1.0/descriptors/repository_git_diff
- MegaLinter key: [REPOSITORY_GIT_DIFF]
- Rules config: identified by [git_diff]
- Command: [git diff --check]
::endgroup::
::group::[32m✅ Linted [REPOSITORY] files with [gitleaks] successfully - (0.08s)[0m (expand for details)
- Using [gitleaks v8.28.0] https://megalinter.io/9.1.0/descriptors/repository_gitleaks
- MegaLinter key: [REPOSITORY_GITLEAKS]
- Rules config: [.gitleaks.toml]
- Command: [gitleaks detect --redact -c /action/lib/.automation/.gitleaks.toml --verbose --source .]
::endgroup::
::group::[32m✅ Linted [YAML] files with [prettier] successfully - (0.35s)[0m (expand for details)
- Using [prettier v3.6.2] https://megalinter.io/9.1.0/descriptors/yaml_prettier
- MegaLinter key: [YAML_PRETTIER]
- Rules config: identified by [prettier]
- Number of files analyzed: [5]
- Command: [prettier --write .github/dependabot.yaml .github/workflows/publish-pages.yaml .github/workflows/test-pages.yaml .mega-linter.yml _config.yml]
::endgroup::
::group::[32m✅ Linted [YAML] files with [yamllint] successfully - (0.34s)[0m (expand for details)
- Using [yamllint v1.37.1] https://megalinter.io/9.1.0/descriptors/yaml_yamllint
- MegaLinter key: [YAML_YAMLLINT]
- Rules config: [.yamllint.yml]
- Number of files analyzed: [5]
- Command: [yamllint --format standard -c /action/lib/.automation/.yamllint.yml .github/dependabot.yaml .github/workflows/publish-pages.yaml .github/workflows/test-pages.yaml .mega-linter.yml _config.yml]
::endgroup::
::group::[32m✅ Linted [JSON] files with [v8r] successfully - (2.84s)[0m (expand for details)
- Using [v8r v5.1.0] https://megalinter.io/9.1.0/descriptors/json_v8r
- MegaLinter key: [JSON_V8R]
- Rules config: identified by [v8r]
- Number of files analyzed: [1]
- Command: [v8r --ignore-errors .github/renovate.json]
::endgroup::
::group::[32m✅ Linted [JSON] files with [prettier] successfully - (0.29s)[0m (expand for details)
- Using [prettier v3.6.2] https://megalinter.io/9.1.0/descriptors/json_prettier
- MegaLinter key: [JSON_PRETTIER]
- Rules config: identified by [prettier]
- Number of files analyzed: [1]
- Command: [prettier --write .github/renovate.json]
::endgroup::
::group::[32m✅ Linted [YAML] files with [v8r] successfully - (4.89s)[0m (expand for details)
- Using [v8r v5.1.0] https://megalinter.io/9.1.0/descriptors/yaml_v8r
- MegaLinter key: [YAML_V8R]
- Rules config: identified by [v8r]
- Number of files analyzed: [5]
- Command: [v8r --ignore-errors .github/dependabot.yaml .github/workflows/publish-pages.yaml .github/workflows/test-pages.yaml .mega-linter.yml _config.yml]
::endgroup::
::group::[32m✅ Linted [SPELL] files with [lychee] successfully - (11.34s)[0m (expand for details)
- Using [lychee v0.18.0] https://megalinter.io/9.1.0/descriptors/spell_lychee
- MegaLinter key: [SPELL_LYCHEE]
- Rules config: identified by [lychee]
- Number of files analyzed: [30]
- Command: [lychee --format detailed --no-progress .github/dependabot.yaml .github/renovate.json .github/workflows/publish-pages.yaml .github/workflows/test-pages.yaml .mega-linter.yml README.md _config.yml configuration/README.md configuration/cli-options.md co...(truncated)]
::endgroup::
::group::[32m✅ Linted [REPOSITORY] files with [grype] successfully - (26.1s)[0m (expand for details)
- Using [grype v0.100.0] https://megalinter.io/9.1.0/descriptors/repository_grype
- MegaLinter key: [REPOSITORY_GRYPE]
- Rules config: [.grype.yaml]
- Command: [grype --config /action/lib/.automation/.grype.yaml dir:.]
::endgroup::
::group::[32m✅ Linted [REPOSITORY] files with [secretlint] successfully - (0.5s)[0m (expand for details)
- Using [secretlint v11.2.4] https://megalinter.io/9.1.0/descriptors/repository_secretlint
- MegaLinter key: [REPOSITORY_SECRETLINT]
- Rules config: [.secretlintrc.json]
- Command: [secretlint --secretlintrc /action/lib/.automation/.secretlintrc.json --secretlintignore .gitignore **/*]
::endgroup::
::group::[32m✅ Linted [REPOSITORY] files with [syft] successfully - (1.16s)[0m (expand for details)
- Using [syft v1.33.0] https://megalinter.io/9.1.0/descriptors/repository_syft
- MegaLinter key: [REPOSITORY_SYFT]
- Rules config: identified by [syft]
- Command: [syft scan .]
::endgroup::
::group::[32m✅ Linted [REPOSITORY] files with [trivy] successfully - (5.16s)[0m (expand for details)
- Using [trivy v0.67.0] https://megalinter.io/9.1.0/descriptors/repository_trivy
- MegaLinter key: [REPOSITORY_TRIVY]
- Rules config: identified by [trivy]
- Command: [trivy fs --scanners vuln,misconfig --exit-code 1 .]
::endgroup::
::group::[32m✅ Linted [REPOSITORY] files with [trivy-sbom] successfully - (0.1s)[0m (expand for details)
- Using [trivy-sbom v0.67.0] https://megalinter.io/9.1.0/descriptors/repository_trivy_sbom
- MegaLinter key: [REPOSITORY_TRIVY_SBOM]
- Rules config: identified by [trivy-sbom]
- Command: [trivy fs --format cyclonedx .]
::endgroup::
::group::[32m✅ Linted [REPOSITORY] files with [trufflehog] successfully - (2.17s)[0m (expand for details)
- Using [trufflehog v3.90.8] https://megalinter.io/9.1.0/descriptors/repository_trufflehog
- MegaLinter key: [REPOSITORY_TRUFFLEHOG]
- Rules config: identified by [trufflehog]
- Command: [trufflehog filesystem . --fail --only-verified --no-update --exclude-paths=/action/lib/.automation/.trufflehogignore]
::endgroup::
[MARKDOWN_SUMMARY Reporter] Generated MARKDOWN_SUMMARY report: /github/workspace/megalinter-reports/megalinter-report.md
[MARKDOWN_SUMMARY Reporter] Also appended to GITHUB_STEP_SUMMARY: /github/file_commands/step_summary_134becae-6335-4424-bdf9-e211b4f06914
[GitHub Comment Reporter] Posted summary as comment on devantler-tech/ksail-docs #PR2
